<?xml version="1.0" encoding="UTF-8" ?>
<testsuite failures="0" time="0.094" errors="0" skipped="0" tests="9" name="FizzBuzzTest">
  <properties>
[...]
</properties>
  <testcase time="0.001" classname="FizzBuzzTest" name="devolverbuzz"/>
  <testcase time="0" classname="FizzBuzzTest" name="devolverfizz"/>
  <testcase time="0" classname="FizzBuzzTest" name="falsemultiplo3"/>
  <testcase time="0" classname="FizzBuzzTest" name="falsemultiplo5"/>
  <testcase time="0.001" classname="FizzBuzzTest" name="truemultiplo3"/>
  <testcase time="0" classname="FizzBuzzTest" name="truemultiplo5"/>
  <testcase time="0" classname="FizzBuzzTest" name="devolvernormal"/>
  <testcase time="0" classname="FizzBuzzTest" name="devolverfizzbuzz"/>
  <testcase time="0" classname="FizzBuzzTest" name="imprimeUnaSecuencia"/>
</testsuite>